15:01:13 INFO  : Registering command handlers for SDK TCF services
15:01:14 INFO  : Launching XSCT server: xsct -n -interactive /home/jacoboffersen/Repos/lab4_1/lab4_1.sdk/temp_xsdb_launch_script.tcl
15:01:16 INFO  : XSCT server has started successfully.
15:01:16 INFO  : Successfully done setting XSCT server connection channel  
15:01:16 INFO  : Successfully done setting SDK workspace  
15:01:16 INFO  : Processing command line option -hwspec /home/jacoboffersen/Repos/lab4_1/lab4_1.sdk/top.hdf.
15:02:39 INFO  : Connected to target on host '127.0.0.1' and port '3121'.
15:02:39 INFO  : 'targets -set -filter {jtag_cable_name =~ "Digilent Zybo 210279772620A" && level==0} -index 1' command is executed.
15:02:41 INFO  : FPGA configured successfully with bitstream "/home/jacoboffersen/Repos/lab4_1/lab4_1.sdk/top_hw_platform_0/top.bit"
15:02:46 INFO  : 'targets -set -filter {jtag_cable_name =~ "Digilent Zybo 210279772620A" && level==0} -index 1' command is executed.
15:02:46 INFO  : 'fpga -state' command is executed.
15:02:46 INFO  : Connected to target on host '127.0.0.1' and port '3121'.
15:02:46 INFO  : Jtag cable 'Digilent Zybo 210279772620A' is selected.
15:02:46 INFO  : 'jtag frequency' command is executed.
15:02:46 INFO  : Sourcing of '/home/jacoboffersen/Repos/lab4_1/lab4_1.sdk/top_hw_platform_0/ps7_init.tcl' is done.
15:02:46 INFO  : Context for 'APU' is selected.
15:02:46 INFO  : Hardware design information is loaded from '/home/jacoboffersen/Repos/lab4_1/lab4_1.sdk/top_hw_platform_0/system.hdf'.
15:02:46 INFO  : 'configparams force-mem-access 1' command is executed.
15:02:46 INFO  : Context for 'APU' is selected.
15:02:46 INFO  : 'stop' command is executed.
15:02:46 INFO  : 'ps7_init' command is executed.
15:02:46 INFO  : 'ps7_post_config' command is executed.
15:02:46 INFO  : Context for processor 'ps7_cortexa9_0' is selected.
15:02:46 INFO  : Processor reset is completed for 'ps7_cortexa9_0'.
15:02:46 INFO  : Context for processor 'ps7_cortexa9_0' is selected.
15:02:47 INFO  : The application '/home/jacoboffersen/Repos/lab4_1/lab4_1.sdk/project/Debug/project.elf' is downloaded to processor 'ps7_cortexa9_0'.
15:02:47 INFO  : 'configparams force-mem-access 0' command is executed.
15:02:47 INFO  : ----------------XSDB Script----------------
connect -url tcp:127.0.0.1:3121
source /home/jacoboffersen/Repos/lab4_1/lab4_1.sdk/top_hw_platform_0/ps7_init.tcl
targets -set -nocase -filter {name =~"APU*" && jtag_cable_name =~ "Digilent Zybo 210279772620A"} -index 0
loadhw -hw /home/jacoboffersen/Repos/lab4_1/lab4_1.sdk/top_hw_platform_0/system.hdf -mem-ranges [list {0x40000000 0xbfffffff}]
configparams force-mem-access 1
targets -set -nocase -filter {name =~"APU*" && jtag_cable_name =~ "Digilent Zybo 210279772620A"} -index 0
stop
ps7_init
ps7_post_config
targets -set -nocase -filter {name =~ "ARM*#0" && jtag_cable_name =~ "Digilent Zybo 210279772620A"} -index 0
rst -processor
targets -set -nocase -filter {name =~ "ARM*#0" && jtag_cable_name =~ "Digilent Zybo 210279772620A"} -index 0
dow /home/jacoboffersen/Repos/lab4_1/lab4_1.sdk/project/Debug/project.elf
configparams force-mem-access 0
----------------End of Script----------------

15:02:47 INFO  : Memory regions updated for context APU
15:02:47 INFO  : Context for processor 'ps7_cortexa9_0' is selected.
15:02:47 INFO  : 'con' command is executed.
15:02:47 INFO  : ----------------XSDB Script (After Launch)----------------
targets -set -nocase -filter {name =~ "ARM*#0" && jtag_cable_name =~ "Digilent Zybo 210279772620A"} -index 0
con
----------------End of Script----------------

15:02:47 INFO  : Launch script is exported to file '/home/jacoboffersen/Repos/lab4_1/lab4_1.sdk/.sdk/launch_scripts/xilinx_c-c++_application_(system_debugger)/system_debugger_using_debug_project.elf_on_local.tcl'
15:03:13 INFO  : Disconnected from the channel tcfchan#1.
15:03:14 INFO  : 'targets -set -filter {jtag_cable_name =~ "Digilent Zybo 210279772620A" && level==0} -index 1' command is executed.
15:03:14 INFO  : 'fpga -state' command is executed.
15:03:14 INFO  : Connected to target on host '127.0.0.1' and port '3121'.
15:03:14 INFO  : Jtag cable 'Digilent Zybo 210279772620A' is selected.
15:03:14 INFO  : 'jtag frequency' command is executed.
15:03:14 INFO  : Sourcing of '/home/jacoboffersen/Repos/lab4_1/lab4_1.sdk/top_hw_platform_0/ps7_init.tcl' is done.
15:03:14 INFO  : Context for 'APU' is selected.
15:03:15 INFO  : Hardware design information is loaded from '/home/jacoboffersen/Repos/lab4_1/lab4_1.sdk/top_hw_platform_0/system.hdf'.
15:03:15 INFO  : 'configparams force-mem-access 1' command is executed.
15:03:15 INFO  : Context for 'APU' is selected.
15:03:15 INFO  : 'stop' command is executed.
15:03:15 INFO  : 'ps7_init' command is executed.
15:03:15 INFO  : 'ps7_post_config' command is executed.
15:03:15 INFO  : Context for processor 'ps7_cortexa9_0' is selected.
15:03:15 INFO  : Processor reset is completed for 'ps7_cortexa9_0'.
15:03:15 INFO  : Context for processor 'ps7_cortexa9_0' is selected.
15:03:16 INFO  : The application '/home/jacoboffersen/Repos/lab4_1/lab4_1.sdk/project/Debug/project.elf' is downloaded to processor 'ps7_cortexa9_0'.
15:03:16 INFO  : 'configparams force-mem-access 0' command is executed.
15:03:16 INFO  : ----------------XSDB Script----------------
connect -url tcp:127.0.0.1:3121
source /home/jacoboffersen/Repos/lab4_1/lab4_1.sdk/top_hw_platform_0/ps7_init.tcl
targets -set -nocase -filter {name =~"APU*" && jtag_cable_name =~ "Digilent Zybo 210279772620A"} -index 0
loadhw -hw /home/jacoboffersen/Repos/lab4_1/lab4_1.sdk/top_hw_platform_0/system.hdf -mem-ranges [list {0x40000000 0xbfffffff}]
configparams force-mem-access 1
targets -set -nocase -filter {name =~"APU*" && jtag_cable_name =~ "Digilent Zybo 210279772620A"} -index 0
stop
ps7_init
ps7_post_config
targets -set -nocase -filter {name =~ "ARM*#0" && jtag_cable_name =~ "Digilent Zybo 210279772620A"} -index 0
rst -processor
targets -set -nocase -filter {name =~ "ARM*#0" && jtag_cable_name =~ "Digilent Zybo 210279772620A"} -index 0
dow /home/jacoboffersen/Repos/lab4_1/lab4_1.sdk/project/Debug/project.elf
configparams force-mem-access 0
----------------End of Script----------------

15:03:16 INFO  : Memory regions updated for context APU
15:03:16 INFO  : Context for processor 'ps7_cortexa9_0' is selected.
15:03:16 INFO  : 'con' command is executed.
15:03:16 INFO  : ----------------XSDB Script (After Launch)----------------
targets -set -nocase -filter {name =~ "ARM*#0" && jtag_cable_name =~ "Digilent Zybo 210279772620A"} -index 0
con
----------------End of Script----------------

15:03:16 INFO  : Launch script is exported to file '/home/jacoboffersen/Repos/lab4_1/lab4_1.sdk/.sdk/launch_scripts/xilinx_c-c++_application_(system_debugger)/system_debugger_using_debug_project.elf_on_local.tcl'
15:03:29 INFO  : Disconnected from the channel tcfchan#2.
15:03:30 INFO  : 'targets -set -filter {jtag_cable_name =~ "Digilent Zybo 210279772620A" && level==0} -index 1' command is executed.
15:03:30 INFO  : 'fpga -state' command is executed.
15:03:30 INFO  : Connected to target on host '127.0.0.1' and port '3121'.
15:03:30 INFO  : Jtag cable 'Digilent Zybo 210279772620A' is selected.
15:03:30 INFO  : 'jtag frequency' command is executed.
15:03:30 INFO  : Sourcing of '/home/jacoboffersen/Repos/lab4_1/lab4_1.sdk/top_hw_platform_0/ps7_init.tcl' is done.
15:03:30 INFO  : Context for 'APU' is selected.
15:03:31 INFO  : Hardware design information is loaded from '/home/jacoboffersen/Repos/lab4_1/lab4_1.sdk/top_hw_platform_0/system.hdf'.
15:03:31 INFO  : 'configparams force-mem-access 1' command is executed.
15:03:31 INFO  : Context for 'APU' is selected.
15:03:31 INFO  : 'stop' command is executed.
15:03:31 INFO  : 'ps7_init' command is executed.
15:03:31 INFO  : 'ps7_post_config' command is executed.
15:03:31 INFO  : Context for processor 'ps7_cortexa9_0' is selected.
15:03:32 INFO  : Processor reset is completed for 'ps7_cortexa9_0'.
15:03:32 INFO  : Context for processor 'ps7_cortexa9_0' is selected.
15:03:32 INFO  : The application '/home/jacoboffersen/Repos/lab4_1/lab4_1.sdk/project/Debug/project.elf' is downloaded to processor 'ps7_cortexa9_0'.
15:03:32 INFO  : 'configparams force-mem-access 0' command is executed.
15:03:32 INFO  : ----------------XSDB Script----------------
connect -url tcp:127.0.0.1:3121
source /home/jacoboffersen/Repos/lab4_1/lab4_1.sdk/top_hw_platform_0/ps7_init.tcl
targets -set -nocase -filter {name =~"APU*" && jtag_cable_name =~ "Digilent Zybo 210279772620A"} -index 0
loadhw -hw /home/jacoboffersen/Repos/lab4_1/lab4_1.sdk/top_hw_platform_0/system.hdf -mem-ranges [list {0x40000000 0xbfffffff}]
configparams force-mem-access 1
targets -set -nocase -filter {name =~"APU*" && jtag_cable_name =~ "Digilent Zybo 210279772620A"} -index 0
stop
ps7_init
ps7_post_config
targets -set -nocase -filter {name =~ "ARM*#0" && jtag_cable_name =~ "Digilent Zybo 210279772620A"} -index 0
rst -processor
targets -set -nocase -filter {name =~ "ARM*#0" && jtag_cable_name =~ "Digilent Zybo 210279772620A"} -index 0
dow /home/jacoboffersen/Repos/lab4_1/lab4_1.sdk/project/Debug/project.elf
configparams force-mem-access 0
----------------End of Script----------------

15:03:32 INFO  : Memory regions updated for context APU
15:03:32 INFO  : Context for processor 'ps7_cortexa9_0' is selected.
15:03:32 INFO  : 'con' command is executed.
15:03:32 INFO  : ----------------XSDB Script (After Launch)----------------
targets -set -nocase -filter {name =~ "ARM*#0" && jtag_cable_name =~ "Digilent Zybo 210279772620A"} -index 0
con
----------------End of Script----------------

15:03:32 INFO  : Launch script is exported to file '/home/jacoboffersen/Repos/lab4_1/lab4_1.sdk/.sdk/launch_scripts/xilinx_c-c++_application_(system_debugger)/system_debugger_using_debug_project.elf_on_local.tcl'
15:05:10 INFO  : Disconnected from the channel tcfchan#3.
